open source     > level 1, order 1, name '/home/petra/context/tex/texmf-context/tex/context/base/mkiv/cont-yes.mkiv'
system          > 
system          > ConTeXt  ver: 2017.01.27 14:39 MKIV beta  fmt: 2017.2.2  int: english/english
system          > 
system          > 'cont-new.mkiv' loaded
open source     > level 2, order 2, name '/home/petra/context/tex/texmf-context/tex/context/base/mkiv/cont-new.mkiv'
close source    > level 2, order 2, name '/home/petra/context/tex/texmf-context/tex/context/base/mkiv/cont-new.mkiv'
system          > files > jobname 'titlepage', input './titlepage', result 'titlepage'
fonts           > latin modern fonts are not preloaded
languages       > language 'en' is active
open source     > level 2, order 3, name '/home/petra/context/titlepage.tex'
open source     > level 3, order 4, name 'env_dis.tex'
regimes         > loading > vector '8859-2' is loaded
colors          > 'rgb' color space is supported
colors          > 'cmyk' color space is supported
open source     > level 4, order 5, name '/home/petra/context/tex/texmf-context/tex/context/fonts/mkiv/type-imp-gentium.mkiv'
close source    > level 4, order 5, name '/home/petra/context/tex/texmf-context/tex/context/fonts/mkiv/type-imp-gentium.mkiv'
fonts           > preloading modern-designsize (math)
fonts           > typescripts > unknown library 'modern-designsize'
fonts           > 'fallback modern-designsize mm 12pt' is loaded
fonts           > preloading modern-designsize (mono)
fonts           > 'fallback modern-designsize tt 12pt' is loaded
setup           > error in line 21, namespace 'notation', instance 'footnote', key '10pt'
close source    > level 3, order 5, name 'env_dis.tex'
backend         > xmp > using file '/home/petra/context/tex/texmf-context/tex/context/base/mkiv/lpdf-pdx.xml'
pages           > flushing realpage 1, userpage 1, subpage 1
pages           > flushing realpage 2, userpage 2
pages           > flushing realpage 3, userpage 2
pages           > flushing realpage 4, userpage 2
close source    > level 2, order 5, name '/home/petra/context/titlepage.tex'
close source    > level 1, order 5, name '/home/petra/context/tex/texmf-context/tex/context/base/mkiv/cont-yes.mkiv'

system          > structure > start used structure

used structure  > text: titlepage
used structure  >   environment: env_dis
used structure  >   component: titlepage

system          > structure > stop used structure


system          > files > start used files

used file       >    1: filename=cont-yes.mkiv filetype=tex foundname=/home/petra/context/tex/texmf-context/tex/context/base/mkiv/cont-yes.mkiv usedmethod=database
used file       >    2: filename=publ-imp-default.lua filetype=scripts foundname=/home/petra/context/tex/texmf-context/tex/context/base/mkiv/publ-imp-default.lua usedmethod=database
used file       >    3: filename=cont-new.mkiv filetype=tex foundname=/home/petra/context/tex/texmf-context/tex/context/base/mkiv/cont-new.mkiv usedmethod=database
used file       >    4: filename=lang-us.lua filetype=scripts foundname=/home/petra/context/tex/texmf-context/tex/context/patterns/mkiv/lang-us.lua usedmethod=database
used file       >    5: filename=/home/petra/context/titlepage.tex foundname=/home/petra/context/titlepage.tex usedmethod=direct
used file       >    6: filename=env_dis.tex foundname=env_dis.tex usedmethod=direct
used file       >    7: filename=lang-cs.lua filetype=scripts foundname=/home/petra/context/tex/texmf-context/tex/context/patterns/mkiv/lang-cs.lua usedmethod=database
used file       >    8: filename=regi-8859-2.lua filetype=scripts foundname=/home/petra/context/tex/texmf-context/tex/context/base/mkiv/regi-8859-2.lua usedmethod=database
used file       >    9: filename=type-imp-gentium.mkiv filetype=tex foundname=/home/petra/context/tex/texmf-context/tex/context/fonts/mkiv/type-imp-gentium.mkiv usedmethod=database
used file       >   10: filename=GentiumPlus-R filetype=ttf format=ttf foundname=/home/petra/context/tex/texmf/fonts/truetype/public/gentium-tug/GentiumPlus-R.ttf usedmethod=database
used file       >   11: filename=lpdf-pdx.xml filetype=tex foundname=/home/petra/context/tex/texmf-context/tex/context/base/mkiv/lpdf-pdx.xml usedmethod=database
used file       >   12: filename=GenBasB filetype=ttf format=ttf foundname=/home/petra/context/tex/texmf/fonts/truetype/public/gentium-tug/GenBasB.ttf usedmethod=database
used file       >   13: filename=GentiumPlus-I filetype=ttf format=ttf foundname=/home/petra/context/tex/texmf/fonts/truetype/public/gentium-tug/GentiumPlus-I.ttf usedmethod=database

system          > files > stop used files


system          > options > start commandline options

used option     > currentrun="3"
used option     > fulljobname="./titlepage.tex"
used option     > input="./titlepage.tex"
used option     > kindofrun="2"
used option     > maxnofruns="9"
used option     > no-parse-first-line="true"

system          > options > stop commandline options

system          > options > start commandline files

used file       >    1: ./titlepage.tex

system          > options > stop commandline files


mkiv lua stats  > used config file: selfautoparent:/texmf/web2c/texmfcnf.lua
mkiv lua stats  > used cache path: /home/petra/context/tex/texmf-cache/luatex-cache/context/5fe67e0bfe781ce0dde776fb1556f32e
mkiv lua stats  > resource resolver: loadtime 0.007 seconds, 0 scans with scantime 0.000 seconds, 0 shared scans, 13 found files, scanned paths: <none>
mkiv lua stats  > stored bytecode data: 401 modules (0.217 sec), 88 tables (0.012 sec), 489 chunks (0.228 sec)
mkiv lua stats  > traced context: maxstack: 1221, freed: 2, unreachable: 1219
mkiv lua stats  > cleaned up reserved nodes: 49 nodes, 9 lists of 447
mkiv lua stats  > node memory usage: 13 glue, 4 penalty, 29 attribute, 40 glue_spec, 10 attribute_list, 2 temp, 2 user_defined
mkiv lua stats  > node list callback tasks: 6 unique task lists, 6 instances (re)created, 151 calls
mkiv lua stats  > used backend: pdf (backend for directly generating pdf output)
mkiv lua stats  > jobdata time: 0.001 seconds saving, 0.000 seconds loading
mkiv lua stats  > callbacks: 446 direct, 388 indirect, 834 total
mkiv lua stats  > randomizer: resumed with value 0.16557996541522
mkiv lua stats  > loaded patterns: cs::16 en::2, load time: 0.000
mkiv lua stats  > result saved in file: titlepage.pdf, compresslevel 3, objectcompresslevel 3
mkiv lua stats  > loaded fonts: 3 files: genbasb.ttf, gentiumplus-i.ttf, gentiumplus-r.ttf
mkiv lua stats  > font engine: otf 3.027, afm 1.512, tfm 1.000, 10 instances, 7 shared in backend, 0 common vectors, 7 common hashes, load time 0.203 seconds 
mkiv lua stats  > used platform: linux-64, type: unix, binary subtree: texmf-linux-64
mkiv lua stats  > luatex banner: this is luatex, version 1.0.0 (tex live 2017/dev)
mkiv lua stats  > control sequences: 44480 of 65536 + 100000
mkiv lua stats  > lua properties: engine: lua, used memory: 69 MB (ctx: 68 MB), hash type: lua, hash chars: min(64,40), symbol mask: utf (τεχ)
mkiv lua stats  > runtime: 0.555 seconds, 4 processed pages, 4 shipped pages, 7.207 pages/second

